<?xml version="1.0" encoding="UTF-8"?>
<!-- Generated by org.testng.reporters.JUnitReportReporter -->
<testsuite hostname="Mypc" name="com.stockAcc.Tests.testngsuppcr" tests="1" failures="0" timestamp="5 Jul 2016 06:04:58 GMT" time="0.020" errors="0">
  <testcase name="stock_suppcre" time="0.020" classname="com.stockAcc.Tests.testngsuppcr"/>
</testsuite> <!-- com.stockAcc.Tests.testngsuppcr -->
