<?xml version="1.0" encoding="UTF-8"?>
<!-- Generated by org.testng.reporters.JUnitReportReporter -->
<testsuite hostname="Mypc" name="com.stockAcc.pages.logintest" tests="1" failures="0" timestamp="8 Jul 2016 06:01:16 GMT" time="29.538" errors="0">
  <testcase name="login" time="29.538" classname="com.stockAcc.pages.logintest"/>
</testsuite> <!-- com.stockAcc.pages.logintest -->
