<?xml version="1.0" encoding="UTF-8"?>
<!-- Generated by org.testng.reporters.JUnitReportReporter -->
<testsuite hostname="Mypc" name="com.stockAcc.Tests.basicannotations" tests="3" failures="0" timestamp="4 Jul 2016 05:54:38 GMT" time="0.032" errors="0">
  <testcase name="a" time="0.008" classname="com.stockAcc.Tests.basicannotations"/>
  <testcase name="function1" time="0.016" classname="com.stockAcc.Tests.basicannotations"/>
  <testcase name="function2" time="0.008" classname="com.stockAcc.Tests.basicannotations"/>
</testsuite> <!-- com.stockAcc.Tests.basicannotations -->
