<?xml version="1.0" encoding="UTF-8"?>
<!-- Generated by org.testng.reporters.JUnitReportReporter -->
<testsuite hostname="Mypc" name="com.stockAcc.Tests.tenstngSuppc" tests="1" failures="0" timestamp="5 Jul 2016 06:16:24 GMT" time="17.767" errors="0">
  <testcase name="stock_Suupcre" time="17.767" classname="com.stockAcc.Tests.tenstngSuppc"/>
</testsuite> <!-- com.stockAcc.Tests.tenstngSuppc -->
